<?xml version="1.0" encoding="UTF-8" ?>
<testsuite failures="0" time="0.579" errors="0" skipped="0" tests="5" name="de.teamrocket.relaxo.rest.JobRessourceTest">
  <properties>
    <property name="java.runtime.name" value="Java(TM) SE Runtime Environment"/>
    <property name="sun.boot.library.path" value="C:\opt\Java\jdk1.7.0_67\jre\bin"/>
    <property name="java.vm.version" value="24.65-b04"/>
    <property name="java.vm.vendor" value="Oracle Corporation"/>
    <property name="java.vendor.url" value="http://java.oracle.com/"/>
    <property name="path.separator" value=";"/>
    <property name="guice.disable.misplaced.annotation.check" value="true"/>
    <property name="java.vm.name" value="Java HotSpot(TM) 64-Bit Server VM"/>
    <property name="file.encoding.pkg" value="sun.io"/>
    <property name="user.script" value=""/>
    <property name="user.country" value="DE"/>
    <property name="sun.java.launcher" value="SUN_STANDARD"/>
    <property name="sun.os.patch.level" value="Service Pack 1"/>
    <property name="java.vm.specification.name" value="Java Virtual Machine Specification"/>
    <property name="user.dir" value="Z:\win_data.V2\workspace\relaxo"/>
    <property name="java.runtime.version" value="1.7.0_67-b01"/>
    <property name="java.awt.graphicsenv" value="sun.awt.Win32GraphicsEnvironment"/>
    <property name="java.endorsed.dirs" value="C:\opt\Java\jdk1.7.0_67\jre\lib\endorsed"/>
    <property name="os.arch" value="amd64"/>
    <property name="java.io.tmpdir" value="C:\Users\mkrah002\AppData\Local\Temp\"/>
    <property name="line.separator" value="
"/>
    <property name="java.vm.specification.vendor" value="Oracle Corporation"/>
    <property name="user.variant" value=""/>
    <property name="os.name" value="Windows 7"/>
    <property name="classworlds.conf" value="Z:\win_data.V2\workspace\.metadata\.plugins\org.eclipse.m2e.launching\launches\m2conf3692518972348908538.tmp"/>
    <property name="sun.jnu.encoding" value="Cp1252"/>
    <property name="java.library.path" value="C:\opt\Java\jdk1.7.0_67\jre\bin;C:\Windows\Sun\Java\bin;C:\Windows\system32;C:\Windows;C:/opt/Java/jre7/bin/server;C:/opt/Java/jre7/bin;C:/opt/Java/jre7/lib/amd64;C:\ProgramData\Oracle\Java\javapath;C:\Program Files\Python2.7\;C:\Windows\system32;C:\Windows;C:\Windows\System32\Wbem;C:\Windows\System32\WindowsPowerShell\v1.0\;C:\ProgramData\chocolatey\bin;C:\Program Files (x86)\Git\cmd;C:\Program Files\TortoiseSVN\bin;C:\Program Files\TortoiseHg\;C:\Program Files\TortoiseGit\bin;C:\Program Files (x86)\nodejs\;C:\Program Files\Mercurial\;C:\Software\Octave-3.6.4\bin;C:\Program Files\doxygen\bin;C:\Program Files\Microsoft\Web Platform Installer\;C:\Program Files (x86)\Microsoft ASP.NET\ASP.NET Web Pages\v1.0\;C:\Program Files (x86)\Windows Kits\8.0\Windows Performance Toolkit\;C:\Program Files\Microsoft SQL Server\110\Tools\Binn\;C:\Program Files (x86)\QuickTime\QTSystem\;C:\Program Files\MATLAB\R2008b\bin;C:\Program Files\MATLAB\R2008b\bin\win64;C:\opt\texlive\2014\bin\win32;C:\opt\eclipse;;."/>
    <property name="java.specification.name" value="Java Platform API Specification"/>
    <property name="java.class.version" value="51.0"/>
    <property name="sun.management.compiler" value="HotSpot 64-Bit Tiered Compilers"/>
    <property name="os.version" value="6.1"/>
    <property name="user.home" value="z:\win_data.V2"/>
    <property name="user.timezone" value="Europe/Berlin"/>
    <property name="java.awt.printerjob" value="sun.awt.windows.WPrinterJob"/>
    <property name="java.specification.version" value="1.7"/>
    <property name="file.encoding" value="Cp1252"/>
    <property name="user.name" value="mkrah002"/>
    <property name="java.class.path" value="/C:/opt/eclipse/plugins/org.eclipse.m2e.maven.runtime_1.5.0.20140605-2032/jars/plexus-classworlds-2.5.1.jar"/>
    <property name="org.slf4j.simpleLogger.defaultLogLevel" value="info"/>
    <property name="java.vm.specification.version" value="1.7"/>
    <property name="sun.arch.data.model" value="64"/>
    <property name="java.home" value="C:\opt\Java\jdk1.7.0_67\jre"/>
    <property name="sun.java.command" value="org.codehaus.plexus.classworlds.launcher.Launcher -B test"/>
    <property name="java.specification.vendor" value="Oracle Corporation"/>
    <property name="user.language" value="de"/>
    <property name="awt.toolkit" value="sun.awt.windows.WToolkit"/>
    <property name="java.vm.info" value="mixed mode"/>
    <property name="java.version" value="1.7.0_67"/>
    <property name="java.ext.dirs" value="C:\opt\Java\jdk1.7.0_67\jre\lib\ext;C:\Windows\Sun\Java\lib\ext"/>
    <property name="sun.boot.class.path" value="C:\opt\Java\jdk1.7.0_67\jre\lib\resources.jar;C:\opt\Java\jdk1.7.0_67\jre\lib\rt.jar;C:\opt\Java\jdk1.7.0_67\jre\lib\sunrsasign.jar;C:\opt\Java\jdk1.7.0_67\jre\lib\jsse.jar;C:\opt\Java\jdk1.7.0_67\jre\lib\jce.jar;C:\opt\Java\jdk1.7.0_67\jre\lib\charsets.jar;C:\opt\Java\jdk1.7.0_67\jre\lib\jfr.jar;C:\opt\Java\jdk1.7.0_67\jre\classes"/>
    <property name="java.vendor" value="Oracle Corporation"/>
    <property name="maven.home" value="Z:\win_data.V2\workspace\relaxo\EMBEDDED"/>
    <property name="file.separator" value="\"/>
    <property name="java.vendor.url.bug" value="http://bugreport.sun.com/bugreport/"/>
    <property name="sun.cpu.endian" value="little"/>
    <property name="sun.io.unicode.encoding" value="UnicodeLittle"/>
    <property name="sun.desktop" value="windows"/>
    <property name="sun.cpu.isalist" value="amd64"/>
  </properties>
  <testcase time="0.469" classname="de.teamrocket.relaxo.rest.JobRessourceTest" name="testJobDetailsFiltering"/>
  <testcase time="0.047" classname="de.teamrocket.relaxo.rest.JobRessourceTest" name="testGetWorkflowJobs"/>
  <testcase time="0.031" classname="de.teamrocket.relaxo.rest.JobRessourceTest" name="testJobDetails"/>
  <testcase time="0.016" classname="de.teamrocket.relaxo.rest.JobRessourceTest" name="testJobDetailsRights"/>
  <testcase time="0.016" classname="de.teamrocket.relaxo.rest.JobRessourceTest" name="testJobDetailsRightsAdmin"/>
</testsuite>